  DrinkFactory.cpp
C:\Users\spect\Desktop\CoffeeSimulator\Coffee-simulator\Project1\Project1\DrinkFactory.cpp(4,39): error C2259: 'PumpkinLatte' : impossible d'instancier une classe abstraite
C:\Users\spect\Desktop\CoffeeSimulator\Coffee-simulator\Project1\Project1\Drink.hpp(14,7): message : voir la déclaration de 'PumpkinLatte'
C:\Users\spect\Desktop\CoffeeSimulator\Coffee-simulator\Project1\Project1\DrinkFactory.cpp(4,39): message : à cause des membres suivants :
C:\Users\spect\Desktop\CoffeeSimulator\Coffee-simulator\Project1\Project1\DrinkFactory.cpp(4,39): message : 'std::string Drink::getId(void) const' : est abstrait
C:\Users\spect\Desktop\CoffeeSimulator\Coffee-simulator\Project1\Project1\Drink.hpp(8,25): message : voir la déclaration de 'Drink::getId'
C:\Users\spect\Desktop\CoffeeSimulator\Coffee-simulator\Project1\Project1\DrinkFactory.cpp(4,39): message : 'std::string Drink::getName(void) const' : est abstrait
C:\Users\spect\Desktop\CoffeeSimulator\Coffee-simulator\Project1\Project1\Drink.hpp(9,25): message : voir la déclaration de 'Drink::getName'
C:\Users\spect\Desktop\CoffeeSimulator\Coffee-simulator\Project1\Project1\DrinkFactory.cpp(4,51): error C2259: 'PumpkinLatte' : impossible d'instancier une classe abstraite
C:\Users\spect\Desktop\CoffeeSimulator\Coffee-simulator\Project1\Project1\Drink.hpp(14,7): message : voir la déclaration de 'PumpkinLatte'
C:\Users\spect\Desktop\CoffeeSimulator\Coffee-simulator\Project1\Project1\DrinkFactory.cpp(4,51): message : à cause des membres suivants :
C:\Users\spect\Desktop\CoffeeSimulator\Coffee-simulator\Project1\Project1\DrinkFactory.cpp(4,51): message : 'std::string Drink::getId(void) const' : est abstrait
C:\Users\spect\Desktop\CoffeeSimulator\Coffee-simulator\Project1\Project1\Drink.hpp(8,25): message : voir la déclaration de 'Drink::getId'
C:\Users\spect\Desktop\CoffeeSimulator\Coffee-simulator\Project1\Project1\DrinkFactory.cpp(4,51): message : 'std::string Drink::getName(void) const' : est abstrait
C:\Users\spect\Desktop\CoffeeSimulator\Coffee-simulator\Project1\Project1\Drink.hpp(9,25): message : voir la déclaration de 'Drink::getName'
C:\Users\spect\Desktop\CoffeeSimulator\Coffee-simulator\Project1\Project1\DrinkFactory.cpp(5,47): error C2259: 'VoidCoffee' : impossible d'instancier une classe abstraite
C:\Users\spect\Desktop\CoffeeSimulator\Coffee-simulator\Project1\Project1\Drink.hpp(36,7): message : voir la déclaration de 'VoidCoffee'
C:\Users\spect\Desktop\CoffeeSimulator\Coffee-simulator\Project1\Project1\DrinkFactory.cpp(5,47): message : à cause des membres suivants :
C:\Users\spect\Desktop\CoffeeSimulator\Coffee-simulator\Project1\Project1\DrinkFactory.cpp(5,47): message : 'std::string Drink::getId(void) const' : est abstrait
C:\Users\spect\Desktop\CoffeeSimulator\Coffee-simulator\Project1\Project1\Drink.hpp(8,25): message : voir la déclaration de 'Drink::getId'
C:\Users\spect\Desktop\CoffeeSimulator\Coffee-simulator\Project1\Project1\DrinkFactory.cpp(5,47): message : 'std::string Drink::getName(void) const' : est abstrait
C:\Users\spect\Desktop\CoffeeSimulator\Coffee-simulator\Project1\Project1\Drink.hpp(9,25): message : voir la déclaration de 'Drink::getName'
C:\Users\spect\Desktop\CoffeeSimulator\Coffee-simulator\Project1\Project1\DrinkFactory.cpp(5,57): error C2259: 'VoidCoffee' : impossible d'instancier une classe abstraite
C:\Users\spect\Desktop\CoffeeSimulator\Coffee-simulator\Project1\Project1\Drink.hpp(36,7): message : voir la déclaration de 'VoidCoffee'
C:\Users\spect\Desktop\CoffeeSimulator\Coffee-simulator\Project1\Project1\DrinkFactory.cpp(5,57): message : à cause des membres suivants :
C:\Users\spect\Desktop\CoffeeSimulator\Coffee-simulator\Project1\Project1\DrinkFactory.cpp(5,57): message : 'std::string Drink::getId(void) const' : est abstrait
C:\Users\spect\Desktop\CoffeeSimulator\Coffee-simulator\Project1\Project1\Drink.hpp(8,25): message : voir la déclaration de 'Drink::getId'
C:\Users\spect\Desktop\CoffeeSimulator\Coffee-simulator\Project1\Project1\DrinkFactory.cpp(5,57): message : 'std::string Drink::getName(void) const' : est abstrait
C:\Users\spect\Desktop\CoffeeSimulator\Coffee-simulator\Project1\Project1\Drink.hpp(9,25): message : voir la déclaration de 'Drink::getName'
  PreparingState.cpp
C:\Users\spect\Desktop\CoffeeSimulator\Coffee-simulator\Project1\Project1\PreparingState.cpp(25,58): warning C4267: 'argument' : conversion de 'size_t' en '_Ty', perte possible de données
          with
          [
              _Ty=int
          ]
  Génération de code en cours...
